<?xml version="1.0" encoding="UTF-8"?>
<!-- Generated by org.testng.reporters.JUnitReportReporter -->
<testsuite hostname="DESKTOP-9448OA7" name="testcases.TC001" tests="1" failures="0" timestamp="20 Oct 2022 01:57:51 GMT" time="53.515" errors="0">
  <testcase name="CustomerDetails" time="53.515" classname="testcases.TC001"/>
</testsuite> <!-- testcases.TC001 -->
